Development Component Build (2019-07-26 11:53:44 GMT-05:00 (COT))
  Component name: calculadora_con_bpm
  Component vendor: demo.sap.com
  SC compartment: MyComponents
  Configuration: LocalDevelopment
  Location: localDevelopment
  Source code location: Ivan.Arzuza@IVANARZUZA
  DC root folder: D:\IvanArzuza\NWDS\NWDS7_31_8_SP13_PAT0000\eclipse\workspace.jdi\LocalDevelopment\DCs\demo.sap.com\calculadora_con_bpm\_comp\
  DC type: Process Composer
  Host: IVANARZUZA

DC Model check:
   DC is available locally
   validating dependency to build plugin "sap.com/tc/bpem/bi/bp/buildtool"
   validating dependency to used DC "sap.com/bie/sca/scdl/contributors/glx"
   validating dependency to  public part "def" of DC "sap.com/bie/sca/scdl/contributors/glx"
   validating dependency to used DC "sap.com/bie/sca/scdl/contributors/mc"
   validating dependency to  public part "def" of DC "sap.com/bie/sca/scdl/contributors/mc"
   validating dependency to  public part "def" of DC "sap.com/bie/sca/scdl/contributors/xi"
   validating dependency to used DC "sap.com/bie/sca/scdl/gen"
   validating dependency to  public part "def" of DC "sap.com/bie/sca/scdl/gen"
   validating dependency to used DC "sap.com/bie/sca/scdl/gen/mc"
   validating dependency to  public part "def" of DC "sap.com/bie/sca/scdl/gen/mc"
   validating dependency to used DC "sap.com/bie/sca/scdl/gen/xlf2prop"
   validating dependency to  public part "def" of DC "sap.com/bie/sca/scdl/gen/xlf2prop"
   validating dependency to  public part "MM_Inf" of DC "sap.com/ide/es/config/mc/model/bi"
   validating dependency to used DC "sap.com/tc/bpem/content/predefs/default"
   validating dependency to  public part "def_cmp" of DC "sap.com/tc/bpem/content/predefs/default"
   validating dependency to used DC "sap.com/tc/bpem/content/predefs/types"
   validating dependency to  public part "def_cmp" of DC "sap.com/tc/bpem/content/predefs/types"
   validating dependency to  public part "MM_Inf" of DC "sap.com/tc/moin/bi/model/textverticalization"
   validating dependency to  public part "def" of DC "sap.com/tc/moin/bi/moinext"
   validating dependency to  public part "libinf" of DC "sap.com/tc/moin/bi/moinlibs"
   DC model check OK

Start build plugin:
   using build plugin: sap.com/tc/bpem/bi/bp/buildtool
   starting build plugin from : D:\IvanArzuza\NWDS\NWDS7_31_8_SP13_PAT0000\eclipse\workspace.jdi\LocalDevelopment\BPEM-BUILDT\sap.com\tc\bpem\bi\bp\buildtool\_comp\gen\default\public\def\



Build Plugin 'sap.com/tc/bpem/bi/bp/buildtool', Version 7.30 SP 13 (NW731CORE_13_REL, built on 2014-08-29 20:31:11 +0200, CL199495)
   development component:  calculadora_con_bpm (demo.sap.com)
      software component:  MyComponents (demo.sap.com)
                location:  localDevelopment
                    type:  Process Composer
           build variant:  default
         source location:  Ivan.Arzuza@IVANARZUZA
         output location:  D:\IvanArzuza\NWDS\NWDS7_31_8_SP13_PAT0000\eclipse\workspace.jdi\LocalDevelopment\t2\2C4F59D4CB0BD33F36C5EE77AD0F8B5C\default
       generation folder:  D:\IvanArzuza\NWDS\NWDS7_31_8_SP13_PAT0000\eclipse\workspace.jdi\LocalDevelopment\t\2C4F59D4CB0BD33F36C5EE77AD0F8B5C
       plugin start time:  2019-07-26 11:53:44 GMT-05:00 (COT)
                 Java VM:  Java HotSpot(TM) Client VM, 10.0-b23 (1.6, Sun Microsystems Inc.)


General options:
  convert *.xlf to *.properties: yes
  include sources for debugging: yes
 


Checking path lengths for sources
This component contains long pathnames, this may lead to build errors or unexpected results. (For example: D:\IvanArzuza\NWDS\NWDS7_31_8_SP13_PAT0000\eclipse\workspace.jdi\LocalDevelopment\DCs\demo.sap.com\calculadora_con_bpm\_comp\mc\com\sap\netweaver\developerstudio\cc\LocalDevelopment~calculadora_con_bpm~demo\sap\com\Business or Technical User.authprofile )
Path length checks finished in 0.001 seconds
 
Preparing data context..
Data context preparation finished in 0.016 seconds
 
Creating Ant build file..
  Creating output file: D:\IvanArzuza\NWDS\NWDS7_31_8_SP13_PAT0000\eclipse\workspace.jdi\LocalDevelopment\t2\2C4F59D4CB0BD33F36C5EE77AD0F8B5C\default\logs\build.xml
  Using Java class:     com.sap.tc.glx.BuildFileCreator
Mapped output path "default" of generator "sap.com~bpem_chain/moininit" is not defined.
MoinInit generator started.
MOIN archive DC referenced: sap.com/tc/bpem/content/predefs/default
MOIN archive found: D:\IvanArzuza\NWDS\NWDS7_31_8_SP13_PAT0000\eclipse\workspace.jdi\LocalDevelopment\BPEM-CONTENT\sap.com\tc\bpem\content\predefs\default\_comp\gen\default\public\def_cmp\lib\moin\sap.com~tc~bpem~content~predefs~default~def_cmp.zip
MOIN archive DC referenced: sap.com/tc/bpem/content/predefs/types
MOIN archive found: D:\IvanArzuza\NWDS\NWDS7_31_8_SP13_PAT0000\eclipse\workspace.jdi\LocalDevelopment\SERVICE-COMP\sap.com\tc\bpem\content\predefs\types\_comp\gen\default\public\def_cmp\lib\moin\sap.com~tc~bpem~content~predefs~types~def_cmp.zip
Metamodels found.
MoinInit generator started.
MOIN archive DC referenced: sap.com/tc/bpem/content/predefs/default
MOIN archive found: D:\IvanArzuza\NWDS\NWDS7_31_8_SP13_PAT0000\eclipse\workspace.jdi\LocalDevelopment\BPEM-CONTENT\sap.com\tc\bpem\content\predefs\default\_comp\gen\default\public\def_cmp\lib\moin\sap.com~tc~bpem~content~predefs~default~def_cmp.zip
MOIN archive DC referenced: sap.com/tc/bpem/content/predefs/types
MOIN archive found: D:\IvanArzuza\NWDS\NWDS7_31_8_SP13_PAT0000\eclipse\workspace.jdi\LocalDevelopment\SERVICE-COMP\sap.com\tc\bpem\content\predefs\types\_comp\gen\default\public\def_cmp\lib\moin\sap.com~tc~bpem~content~predefs~types~def_cmp.zip
Metamodels found.
Output folder found.
Target "Xlf2PropBase" has a dependency on "compile" but no such target exists. Dependency will be ignored.
Target "ScdlBase" has a dependency on "compile" but no such target exists. Dependency will be ignored.
Build file creation finished in 0.178 seconds
 
Starting Ant..
  Using build file:     D:\IvanArzuza\NWDS\NWDS7_31_8_SP13_PAT0000\eclipse\workspace.jdi\LocalDevelopment\t2\2C4F59D4CB0BD33F36C5EE77AD0F8B5C\default\logs\build.xml
  Using build target:   build
  Using Ant version:    1.7.1
 
ScdlBase:
  [MOINInit] Meta models found.
  [MOINInit] Referenced meta-model: D:\IvanArzuza\NWDS\NWDS7_31_8_SP13_PAT0000\eclipse\workspace.jdi\LocalDevelopment\ESCONF_BUILDT\sap.com\ide\es\config\mc\model\bi\_comp\gen\default\public\MM_Inf\lib\moin\sap.com~ide~es~config~mc~model_xmi.zip
  [MOINInit] Referenced meta-model: D:\IvanArzuza\NWDS\NWDS7_31_8_SP13_PAT0000\eclipse\workspace.jdi\LocalDevelopment\ESMP_BUILDT\sap.com\tc\bpem\bi\model\flow\_comp\gen\default\public\MM_Inf\lib\moin\glx~ide_xmi.jar
  [MOINInit] Referenced meta-model: D:\IvanArzuza\NWDS\NWDS7_31_8_SP13_PAT0000\eclipse\workspace.jdi\LocalDevelopment\BPEM-BUILDT\sap.com\tc\bpem\bi\model\triggernet\_comp\gen\default\public\MM_Inf\lib\moin\glx~tnet_xmi.jar
  [MOINInit] Referenced meta-model: D:\IvanArzuza\NWDS\NWDS7_31_8_SP13_PAT0000\eclipse\workspace.jdi\LocalDevelopment\ESMP_BUILDT\sap.com\tc\esmp\bi\model\wsdl20\_comp\gen\default\public\MM_Inf\lib\moin\sap.com~tc~esmp~model~wsdl20_xmi.zip
  [MOINInit] Referenced meta-model: D:\IvanArzuza\NWDS\NWDS7_31_8_SP13_PAT0000\eclipse\workspace.jdi\LocalDevelopment\ESMP_BUILDT\sap.com\tc\esmp\bi\model\xsd1\_comp\gen\default\public\MM_Inf\lib\moin\sap.com~tc~esmp~model~xsd1_xmi.zip
  [MOINInit] Referenced meta-model: D:\IvanArzuza\NWDS\NWDS7_31_8_SP13_PAT0000\eclipse\workspace.jdi\LocalDevelopment\MOIN_BUILDT\sap.com\tc\mie\bi\model\gfw\_comp\gen\default\public\MM_Inf\lib\moin\sap.com~com~sap~mi~gfw~mm~def_assmbl.zip
  [MOINInit] Referenced meta-model: D:\IvanArzuza\NWDS\NWDS7_31_8_SP13_PAT0000\eclipse\workspace.jdi\LocalDevelopment\MOIN_BUILDT\sap.com\tc\moin\bi\model\textverticalization\_comp\gen\default\public\MM_Inf\lib\moin\sap.com~tc~moin~model~textverticalization_xmi.zip
  [MOINInit] Referenced meta-model: D:\IvanArzuza\NWDS\NWDS7_31_8_SP13_PAT0000\eclipse\workspace.jdi\LocalDevelopment\MOIN_BUILDT\sap.com\tc\moin\bi\model\util\_comp\gen\default\public\MM_Inf\lib\moin\sap.com~tc~moin~model~util_xmi.zip
  [MOINInit] DataArea name: DefaultDataArea
  [MOINInit] Moin initialized in 966 milliseconds.
      [echo] Registering folder: gensrc/extcfg for path: D:\IvanArzuza\NWDS\NWDS7_31_8_SP13_PAT0000\eclipse\workspace.jdi\LocalDevelopment\t\2C4F59D4CB0BD33F36C5EE77AD0F8B5C\gensrc\extcfg/
      [echo] Starting Extension Configuration generator...
  [gen_scdl] 		[SCDL_GEN] Initializing Scdl Generation...
  [gen_scdl] 		[SCDL_GEN] Initialization successfully completed.
  [gen_scdl] 		[SCDL_GEN] Starting retrieval of information from contributors...
  [gen_scdl] 		[SCDL_GEN] Information retrieval from contributors successfully completed!
  [gen_scdl] 		[SCDL_GEN] Starting composite export to SCDL...
  [gen_scdl] 			[SCDL-EXPORT] Scdl file output location: D:\IvanArzuza\NWDS\NWDS7_31_8_SP13_PAT0000\eclipse\workspace.jdi\LocalDevelopment\t\2C4F59D4CB0BD33F36C5EE77AD0F8B5C/scdl_output\META-INF\calculadora_con_bpm.composite
  [gen_scdl] 			[SCDL-EXPORT] sca contribution XML output location: D:\IvanArzuza\NWDS\NWDS7_31_8_SP13_PAT0000\eclipse\workspace.jdi\LocalDevelopment\t\2C4F59D4CB0BD33F36C5EE77AD0F8B5C/scdl_output\META-INF\sca-contribution.xml
  [gen_scdl] 		[SCDL_GEN] Conversion successfully completed!
     [timer] Extension Configuration generator finished in 0.341 seconds
 
[MOINShutdown] About to shutdown MOIN...
[MOINShutdown] MOIN shut down in 55 milliseconds.
 
Xlf2PropBase:
      [echo] Start XLF conversion
  [xlf2prop] Found 6 XLF files to convert in folder "mc"
     [timer] XLF conversion finished in 0.067 seconds
 
      [copy] Copying 6 files to D:\IvanArzuza\NWDS\NWDS7_31_8_SP13_PAT0000\eclipse\workspace.jdi\LocalDevelopment\t\2C4F59D4CB0BD33F36C5EE77AD0F8B5C\xlf_out
 
Bpem:
  [MOINInit] Meta models found.
  [MOINInit] Referenced meta-model: D:\IvanArzuza\NWDS\NWDS7_31_8_SP13_PAT0000\eclipse\workspace.jdi\LocalDevelopment\ESCONF_BUILDT\sap.com\ide\es\config\mc\model\bi\_comp\gen\default\public\MM_Inf\lib\moin\sap.com~ide~es~config~mc~model_xmi.zip
  [MOINInit] Referenced meta-model: D:\IvanArzuza\NWDS\NWDS7_31_8_SP13_PAT0000\eclipse\workspace.jdi\LocalDevelopment\ESMP_BUILDT\sap.com\tc\bpem\bi\model\flow\_comp\gen\default\public\MM_Inf\lib\moin\glx~ide_xmi.jar
  [MOINInit] Referenced meta-model: D:\IvanArzuza\NWDS\NWDS7_31_8_SP13_PAT0000\eclipse\workspace.jdi\LocalDevelopment\BPEM-BUILDT\sap.com\tc\bpem\bi\model\triggernet\_comp\gen\default\public\MM_Inf\lib\moin\glx~tnet_xmi.jar
  [MOINInit] Referenced meta-model: D:\IvanArzuza\NWDS\NWDS7_31_8_SP13_PAT0000\eclipse\workspace.jdi\LocalDevelopment\ESMP_BUILDT\sap.com\tc\esmp\bi\model\wsdl20\_comp\gen\default\public\MM_Inf\lib\moin\sap.com~tc~esmp~model~wsdl20_xmi.zip
  [MOINInit] Referenced meta-model: D:\IvanArzuza\NWDS\NWDS7_31_8_SP13_PAT0000\eclipse\workspace.jdi\LocalDevelopment\ESMP_BUILDT\sap.com\tc\esmp\bi\model\xsd1\_comp\gen\default\public\MM_Inf\lib\moin\sap.com~tc~esmp~model~xsd1_xmi.zip
  [MOINInit] Referenced meta-model: D:\IvanArzuza\NWDS\NWDS7_31_8_SP13_PAT0000\eclipse\workspace.jdi\LocalDevelopment\MOIN_BUILDT\sap.com\tc\mie\bi\model\gfw\_comp\gen\default\public\MM_Inf\lib\moin\sap.com~com~sap~mi~gfw~mm~def_assmbl.zip
  [MOINInit] Referenced meta-model: D:\IvanArzuza\NWDS\NWDS7_31_8_SP13_PAT0000\eclipse\workspace.jdi\LocalDevelopment\MOIN_BUILDT\sap.com\tc\moin\bi\model\textverticalization\_comp\gen\default\public\MM_Inf\lib\moin\sap.com~tc~moin~model~textverticalization_xmi.zip
  [MOINInit] Referenced meta-model: D:\IvanArzuza\NWDS\NWDS7_31_8_SP13_PAT0000\eclipse\workspace.jdi\LocalDevelopment\MOIN_BUILDT\sap.com\tc\moin\bi\model\util\_comp\gen\default\public\MM_Inf\lib\moin\sap.com~tc~moin~model~util_xmi.zip
  [MOINInit] DataArea name: DefaultDataArea
  [MOINInit] Moin initialized in 965 milliseconds.
  [BpemTask] BC-BMT-BPM-SRV com.sap.tc.glx.BpemTask execute() - Metamodel version validation...
  [BpemTask] BC-BMT-BPM-SRV com.sap.tc.glx.BpemTask execute() - Sanity check is enabled, com.glx.sanity.check system property isn't false.
  [BpemTask] WSDL Location:src/wsdl/rootwsdl_SimpleTimerServices.wsdl
  [BpemTask] PF.DefaultDataArea:DCs/sap.com/tc/bpem/content/predefs/default
  [BpemTask] WSDL Location:src/wsdl/Calc_BPM_InBo.wsdl
  [BpemTask] PF.DefaultDataArea:DCs/demo.sap.com/calculadora_con_bpm
  [BpemTask] WSDL Location:src/wsdl/BPM_Calc_OutB.wsdl
  [BpemTask] PF.DefaultDataArea:DCs/demo.sap.com/calculadora_con_bpm
  [BpemTask] WSDL Location:src/wsdl/Calculadora_InBo.wsdl
  [BpemTask] PF.DefaultDataArea:DCs/demo.sap.com/calculadora_con_bpm
  [BpemTask] WSDL Location:src/wsdl/Calculadora_OutB.wsdl
  [BpemTask] PF.DefaultDataArea:DCs/demo.sap.com/calculadora_con_bpm
  [BpemTask] BC-BMT-BPM-SRV com.sap.tc.glx.SourceVersioner compile(host, artifact) - Generating version IDs for sources...
  [BpemTask] BC-BMT-BPM-SRV com.sap.tc.glx.BpemTask execute() - Initiating rule compilation.
  [BpemTask] BC-BMT-BPM-SRV com.sap.tc.glx.BpemTask execute() - Initiating event definition constraint check.
  [BpemTask] BC-BMT-BPM-SRV com.sap.tc.glx.BpemTask execute() - Constraint check for event definitions is done.
  [BpemTask] BC-BMT-BPM-SRV com.sap.tc.glx.BpemTask execute() - Initiating event definition compilation.
  [BpemTask] BC-BMT-BPM-SRV com.sap.tc.glx.BpemTask execute() - Event def: com.sap.glx.ide.model.galaxy.workflow.MessageEventDefinition (Java Type)
  [BpemTask] Galaxy.Workflow.MessageEventDefinition (MOF Type)
  [BpemTask] PF.DefaultDataArea:DCs/demo.sap.com/calculadora_con_bpm/_comp/src/triggers/calculadora_iniciar.eventdef#E012BF1EBC2DE72F944311E9AF70547C7E8EAE14 (MRI)
  [BpemTask] BC-BMT-BPM-SRV com.sap.tc.glx.BpemTask processCompilerObj(obj , compDir) - Compiling [com.sap.tc.esmp.mm.xsd1.XsdElementDeclaration (Java Type)
  [BpemTask] XSD1.XsdElementDeclaration (MOF Type)
  [BpemTask] PF.DefaultDataArea:DCs/demo.sap.com/calculadora_con_bpm/_comp/rep/wsdl/empresasadoc.com&cltest.types#E01DFA6E45A93E66944311E9926A547C7E8EAE14 (MRI)], CompilerType: TYPECOMPILER
  [BpemTask] BC-BMT-BPM-SRV com.sap.tc.glx.BpemTask processCompilerObj(obj , compDir) - Compiling com.sap.glx.ide.model.galaxy.workflow.MessageEventDefinition (Java Type)
  [BpemTask] Galaxy.Workflow.MessageEventDefinition (MOF Type)
  [BpemTask] PF.DefaultDataArea:DCs/demo.sap.com/calculadora_con_bpm/_comp/src/triggers/calculadora_iniciar.eventdef#E012BF1EBC2DE72F944311E9AF70547C7E8EAE14 (MRI), CompilerType: INTERFACECOMPILER
  [BpemTask] BC-BMT-BPM-SRV com.sap.tc.glx.BpemTask execute() - Initiating task constraint check.
  [BpemTask] BC-BMT-BPM-SRV com.sap.tc.glx.BpemTask execute() - Constraint check for Tasks is done.
  [BpemTask] BC-BMT-BPM-SRV com.sap.tc.glx.BpemTask execute() - Initiating task compilation.
  [BpemTask] BC-BMT-BPM-SRV com.sap.tc.glx.BpemTask execute() - Initiating data mapping validation.
  [BpemTask] BC-BMT-BPM-SRV com.sap.tc.glx.BpemTask execute() - Data mapping validation is done.
  [BpemTask] BC-BMT-BPM-SRV com.sap.tc.glx.BpemTask execute() - Initiating process constraint check.
  [BpemTask] BC-BMT-BPM-SRV com.sap.tc.glx.BpemTask constraintCheck(conn,partitions) - Constraint violation: Assign an administrator to pool "Calculadora con BPM"
  [BpemTask] BC-BMT-BPM-SRV com.sap.tc.glx.BpemTask execute() - Constraint check for processes is done
  [BpemTask] BC-BMT-BPM-SRV com.sap.tc.glx.BpemTask execute() - Initiating process compilation.
  [BpemTask] BC-BMT-BPM-SRV com.sap.tc.glx.BpemTask processCompilerObj(obj , compDir) - Compiling com.sap.glx.ide.model.galaxy.workflow.Collaboration (Java Type)
  [BpemTask] Galaxy.Workflow.Collaboration (MOF Type)
  [BpemTask] PF.DefaultDataArea:DCs/demo.sap.com/calculadora_con_bpm/_comp/src/bpmn/calculadora_con_bpm.bpmn#E0B4872F83B6E024939B11E98C65547C7E8EAE14 (MRI), CompilerType: XLFFACTORY
  [BpemTask] Packaging XLF file 'D:\IvanArzuza\NWDS\NWDS7_31_8_SP13_PAT0000\eclipse\workspace.jdi\LocalDevelopment\DCs\demo.sap.com\calculadora_con_bpm\_comp\src\bpmn\calculadora_con_bpm.bpmn.xlf'.
  [BpemTask] BC-BMT-BPM-SRV com.sap.tc.glx.BpemTask processCompilerObj(obj , compDir) - Compiling com.sap.glx.ide.model.galaxy.workflow.Collaboration (Java Type)
  [BpemTask] Galaxy.Workflow.Collaboration (MOF Type)
  [BpemTask] PF.DefaultDataArea:DCs/demo.sap.com/calculadora_con_bpm/_comp/src/bpmn/calculadora_con_bpm.bpmn#E0B4872F83B6E024939B11E98C65547C7E8EAE14 (MRI), CompilerType: DIAGRAMTOXMLCONVERTER
  [BpemTask] PV file generation: parsing...
  [BpemTask] PV file generation done.
  [BpemTask] BC-BMT-BPM-SRV com.sap.tc.glx.BpemTask processCompilerObj(obj , compDir) - Compiling [com.sap.tc.esmp.mm.xsd1.XsdElementDeclaration (Java Type)
  [BpemTask] XSD1.XsdElementDeclaration (MOF Type)
  [BpemTask] PF.DefaultDataArea:DCs/demo.sap.com/calculadora_con_bpm/_comp/src/bpmn/calculadora_con_bpm.bpmn#E0B4872F840170AF939B11E9CD7B547C7E8EAE14 (MRI)], CompilerType: TYPECOMPILER
  [BpemTask] BC-BMT-BPM-SRV com.sap.tc.glx.BpemTask processCompilerObj(obj , compDir) - Compiling [com.sap.tc.esmp.mm.xsd1.XsdElementDeclaration (Java Type)
  [BpemTask] XSD1.XsdElementDeclaration (MOF Type)
  [BpemTask] PF.DefaultDataArea:DCs/demo.sap.com/calculadora_con_bpm/_comp/src/bpmn/calculadora_con_bpm.bpmn#E012BF1E97D1B232943911E985C4547C7E8EAE14 (MRI)], CompilerType: TYPECOMPILER
  [BpemTask] BC-BMT-BPM-SRV com.sap.tc.glx.BpemTask processCompilerObj(obj , compDir) - Compiling [com.sap.tc.esmp.mm.xsd1.XsdElementDeclaration (Java Type)
  [BpemTask] XSD1.XsdElementDeclaration (MOF Type)
  [BpemTask] PF.DefaultDataArea:DCs/demo.sap.com/calculadora_con_bpm/_comp/src/bpmn/calculadora_con_bpm.bpmn#E0B4872F84111A61939B11E9CF4A547C7E8EAE14 (MRI)], CompilerType: TYPECOMPILER
  [BpemTask] BC-BMT-BPM-SRV com.sap.tc.glx.BpemTask processCompilerObj(obj , compDir) - Compiling [com.sap.tc.esmp.mm.xsd1.XsdElementDeclaration (Java Type)
  [BpemTask] XSD1.XsdElementDeclaration (MOF Type)
  [BpemTask] PF.DefaultDataArea:DCs/demo.sap.com/calculadora_con_bpm/_comp/src/bpmn/calculadora_con_bpm.bpmn#E0B4872F83F03C97939B11E9CEF6547C7E8EAE14 (MRI)], CompilerType: TYPECOMPILER
  [BpemTask] BC-BMT-BPM-SRV com.sap.tc.glx.BpemTask processCompilerObj(obj , compDir) - Compiling [com.sap.tc.esmp.mm.xsd1.XsdElementDeclaration (Java Type)
  [BpemTask] XSD1.XsdElementDeclaration (MOF Type)
  [BpemTask] PF.DefaultDataArea:DCs/demo.sap.com/calculadora_con_bpm/_comp/src/bpmn/calculadora_con_bpm.bpmn#E0B4872F83F16D30939B11E9B053547C7E8EAE14 (MRI)], CompilerType: TYPECOMPILER
  [BpemTask] BC-BMT-BPM-SRV com.sap.tc.glx.BpemTask processCompilerObj(obj , compDir) - Compiling [com.sap.tc.esmp.mm.xsd1.XsdElementDeclaration (Java Type)
  [BpemTask] XSD1.XsdElementDeclaration (MOF Type)
  [BpemTask] PF.DefaultDataArea:DCs/demo.sap.com/calculadora_con_bpm/_comp/src/bpmn/calculadora_con_bpm.bpmn#E0B4872F842F592B939B11E99263547C7E8EAE14 (MRI)], CompilerType: TYPECOMPILER
  [BpemTask] BC-BMT-BPM-SRV com.sap.tc.glx.BpemTask processCompilerObj(obj , compDir) - Compiling [com.sap.tc.esmp.mm.xsd1.XsdElementDeclaration (Java Type)
  [BpemTask] XSD1.XsdElementDeclaration (MOF Type)
  [BpemTask] PF.DefaultDataArea:DCs/demo.sap.com/calculadora_con_bpm/_comp/src/bpmn/calculadora_con_bpm.bpmn#E0B4872F83F10833939B11E9B86B547C7E8EAE14 (MRI)], CompilerType: TYPECOMPILER
  [BpemTask] BC-BMT-BPM-SRV com.sap.tc.glx.BpemTask processCompilerObj(obj , compDir) - Compiling [com.sap.tc.esmp.mm.xsd1.XsdElementDeclaration (Java Type)
  [BpemTask] XSD1.XsdElementDeclaration (MOF Type)
  [BpemTask] PF.DefaultDataArea:DCs/demo.sap.com/calculadora_con_bpm/_comp/src/bpmn/calculadora_con_bpm.bpmn#E0B4872F84204EF7939B11E99537547C7E8EAE14 (MRI)], CompilerType: TYPECOMPILER
  [BpemTask] BC-BMT-BPM-SRV com.sap.tc.glx.BpemTask processCompilerObj(obj , compDir) - Compiling [com.sap.tc.esmp.mm.xsd1.XsdElementDeclaration (Java Type)
  [BpemTask] XSD1.XsdElementDeclaration (MOF Type)
  [BpemTask] PF.DefaultDataArea:DCs/demo.sap.com/calculadora_con_bpm/_comp/src/bpmn/calculadora_con_bpm.bpmn#E0BC3D25D3B7049593A011E9ACBF547C7E8EAE14 (MRI)], CompilerType: TYPECOMPILER
  [BpemTask] BC-BMT-BPM-SRV com.sap.tc.glx.BpemTask processCompilerObj(obj , compDir) - Compiling [com.sap.tc.esmp.mm.xsd1.XsdElementDeclaration (Java Type)
  [BpemTask] XSD1.XsdElementDeclaration (MOF Type)
  [BpemTask] PF.DefaultDataArea:DCs/sap.com/tc/bpem/content/predefs/types/_comp/rep/functions/sap.com/bpem/glx/built-in/infinite-integer/numeric-add.function#481F3B30947D08B01AC311DDBA9B0018717335EB (MRI), com.sap.tc.esmp.mm.xsd1.XsdElementDeclaration (Java Type)
  [BpemTask] XSD1.XsdElementDeclaration (MOF Type)
  [BpemTask] PF.DefaultDataArea:DCs/sap.com/tc/bpem/content/predefs/types/_comp/rep/functions/sap.com/bpem/glx/built-in/infinite-integer/numeric-add.function#481F3B3094784DCA1AC311DD82E20018717335EB (MRI)], CompilerType: TYPECOMPILER
  [BpemTask] BC-BMT-BPM-SRV com.sap.tc.glx.BpemTask processCompilerObj(obj , compDir) - Compiling com.sap.glx.ide.model.galaxy.workflow.Collaboration (Java Type)
  [BpemTask] Galaxy.Workflow.Collaboration (MOF Type)
  [BpemTask] PF.DefaultDataArea:DCs/demo.sap.com/calculadora_con_bpm/_comp/src/bpmn/calculadora_con_bpm.bpmn#E0B4872F83B6E024939B11E98C65547C7E8EAE14 (MRI), CompilerType: BPMN2CSVCOMPILER
  [BpemTask] Compiling process 'Calculadora con BPM' ...
  [BpemTask] Node 'SWITCH_Calculadora_con_BPM_token_state_wo_suspend_1' of the generated triggernet has no outgoing connector.
  [BpemTask] Transforming Trigger Network into CSV...
  [BpemTask] Node 'SWITCH_Calculadora_con_BPM_token_state_wo_suspend_1' of the generated triggernet has no outgoing connector.
  [BpemTask] WS Provisioning post processing started for %d artifacts found.
  [BpemTask] 1
  [BpemTask] Modelled endpoint for post processing found (service '%s', operation '%s', interface '{%s}%s'.
  [BpemTask] demo.sap.com/calculadora_con_bpm/Calculadora_Iniciar
  [BpemTask] Calc_BPM_InBo
  [BpemTask] urn:empresasadoc.com:test
  [BpemTask] Calc_BPM_InBo
  [BpemTask] Writing WSDL location '%s' to file '%s'.
  [BpemTask] src/wsdl/Calc_BPM_InBo.wsdl
  [BpemTask] META-INF/wsdl/demosapcom2Fcalculadoraconbpm2FCalculadoraIniciar/src/wsdl/Calc_BPM_InBo.wsdl
  [BpemTask] Creating metadata for service url '%s'.
  [BpemTask] /bpm/demosapcom/calculadoraconbpm/CalculadoraIniciar
  [BpemTask] BC-BMT-BPM-SRV com.sap.glx.paradigmInterface.util.GenerateSDA generateArchive(outArchive, srcDir) - D:\IvanArzuza\NWDS\NWDS7_31_8_SP13_PAT0000\eclipse\workspace.jdi\LocalDevelopment\t2\2C4F59D4CB0BD33F36C5EE77AD0F8B5C\default\deploy\ctx\demo.sap.com~calculadora_con_bpm.wsar archive is generated
  [BpemTask] BC-BMT-BPM-SRV com.sap.glx.paradigmInterface.util.GenerateSDA copyMcArchive(File publicFolder) -Including Mass Configuration archive into sda
  [BpemTask] BC-BMT-BPM-SRV com.sap.glx.paradigmInterface.util.GenerateSDA copyScdlFiles(File scdlFolder) - Including SCDL files into sda
  [BpemTask] BC-BMT-BPM-SRV com.sap.glx.paradigmInterface.util.GenerateSDA getSubdirFiles(String parent, File subdir)  - copyFile: D:\IvanArzuza\NWDS\NWDS7_31_8_SP13_PAT0000\eclipse\workspace.jdi\LocalDevelopment\t2\2C4F59D4CB0BD33F36C5EE77AD0F8B5C\default\deploy\ctx/calculadora_con_bpm.composite
  [BpemTask] BC-BMT-BPM-SRV com.sap.glx.paradigmInterface.util.GenerateSDA getSubdirFiles(String parent, File subdir)  - copyFile: D:\IvanArzuza\NWDS\NWDS7_31_8_SP13_PAT0000\eclipse\workspace.jdi\LocalDevelopment\t2\2C4F59D4CB0BD33F36C5EE77AD0F8B5C\default\deploy\ctx/sca-contribution.xml
  [BpemTask] BC-BMT-BPM-SRV com.sap.glx.paradigmInterface.util.GenerateSDA copyScdlGlobalizationFiles(File scdlXlfFolder) - Including SCDL globalization files into sda
  [BpemTask] BC-BMT-BPM-SRV com.sap.glx.paradigmInterface.util.GenerateSDA copyScdlGlobalizationFiles(File scdlXlfFolder) - copyFile: D:\IvanArzuza\NWDS\NWDS7_31_8_SP13_PAT0000\eclipse\workspace.jdi\LocalDevelopment\t2\2C4F59D4CB0BD33F36C5EE77AD0F8B5C\default\deploy\ctx/4b04ca19-d0b1-464e-bac4-343525f29129.consgroup.properties
  [BpemTask] BC-BMT-BPM-SRV com.sap.glx.paradigmInterface.util.GenerateSDA copyScdlGlobalizationFiles(File scdlXlfFolder) - copyFile: D:\IvanArzuza\NWDS\NWDS7_31_8_SP13_PAT0000\eclipse\workspace.jdi\LocalDevelopment\t2\2C4F59D4CB0BD33F36C5EE77AD0F8B5C\default\deploy\ctx/7a0f2b94-162b-4e1c-9c2b-680e7ef410f2.consgroup.properties
  [BpemTask] BC-BMT-BPM-SRV com.sap.glx.paradigmInterface.util.GenerateSDA copyScdlGlobalizationFiles(File scdlXlfFolder) - copyFile: D:\IvanArzuza\NWDS\NWDS7_31_8_SP13_PAT0000\eclipse\workspace.jdi\LocalDevelopment\t2\2C4F59D4CB0BD33F36C5EE77AD0F8B5C\default\deploy\ctx/Business or Technical User.authprofile.properties
  [BpemTask] BC-BMT-BPM-SRV com.sap.glx.paradigmInterface.util.GenerateSDA copyScdlGlobalizationFiles(File scdlXlfFolder) - copyFile: D:\IvanArzuza\NWDS\NWDS7_31_8_SP13_PAT0000\eclipse\workspace.jdi\LocalDevelopment\t2\2C4F59D4CB0BD33F36C5EE77AD0F8B5C\default\deploy\ctx/Business User.authprofile.properties
  [BpemTask] BC-BMT-BPM-SRV com.sap.glx.paradigmInterface.util.GenerateSDA copyScdlGlobalizationFiles(File scdlXlfFolder) - copyFile: D:\IvanArzuza\NWDS\NWDS7_31_8_SP13_PAT0000\eclipse\workspace.jdi\LocalDevelopment\t2\2C4F59D4CB0BD33F36C5EE77AD0F8B5C\default\deploy\ctx/No Authentication.authprofile.properties
  [BpemTask] BC-BMT-BPM-SRV com.sap.glx.paradigmInterface.util.GenerateSDA copyScdlGlobalizationFiles(File scdlXlfFolder) - copyFile: D:\IvanArzuza\NWDS\NWDS7_31_8_SP13_PAT0000\eclipse\workspace.jdi\LocalDevelopment\t2\2C4F59D4CB0BD33F36C5EE77AD0F8B5C\default\deploy\ctx/Technical User.authprofile.properties
  [BpemTask] BC-BMT-BPM-SRV com.sap.glx.paradigmInterface.util.GenerateSDA execute(name, vendor, location, version, srcDir) -Generating SDA...
  [BpemTask] BC-BMT-BPM-SRV com.sap.glx.paradigmInterface.util.GenerateSDA generateArchive(outArchive, srcDir) - D:\IvanArzuza\NWDS\NWDS7_31_8_SP13_PAT0000\eclipse\workspace.jdi\LocalDevelopment\t2\2C4F59D4CB0BD33F36C5EE77AD0F8B5C\default\deploy\ctx\demo.sap.com~calculadora_con_bpm.bpem archive is generated
[MOINShutdown] About to shutdown MOIN...
[MOINShutdown] MOIN shut down in 60 milliseconds.
    [delete] Deleting directory D:\IvanArzuza\NWDS\NWDS7_31_8_SP13_PAT0000\eclipse\workspace.jdi\LocalDevelopment\t2\2C4F59D4CB0BD33F36C5EE77AD0F8B5C\default\deploy\ctx
    [delete] Deleting: D:\IvanArzuza\NWDS\NWDS7_31_8_SP13_PAT0000\eclipse\workspace.jdi\LocalDevelopment\t2\2C4F59D4CB0BD33F36C5EE77AD0F8B5C\default\deploy\sda-dd.xml
 
createPublicParts:
  [pppacker] Packing public part 'def_cmp'
  [pppacker] DC being built: calculadora_con_bpm
  [pppacker] Searching for entity: mc.
  [pppacker] Checking path: mc
  [pppacker] Checking path: rep
  [pppacker] Checking path: src
  [pppacker] Packed  13 files for entity mc (Model Folder Tree)
  [pppacker] DC being built: calculadora_con_bpm
  [pppacker] Searching for entity: rep.
  [pppacker] Checking path: mc
  [pppacker] Checking path: rep
  [pppacker] Checking path: src
  [pppacker] Packed   2 files for entity rep (Model Folder Tree)
  [pppacker] DC being built: calculadora_con_bpm
  [pppacker] Searching for entity: src.
  [pppacker] Checking path: mc
  [pppacker] Checking path: rep
  [pppacker] Checking path: src
  [pppacker] Packed   9 files for entity src (Model Folder Tree)
  [pppacker] Packed 3 entities for public part 'def_cmp'
     [timer] Packing of public part 'def_cmp' finished in 0.206 seconds
 
 
build:
 
Ant runtime 5.399 seconds
 
Ant build finished OK
MOIN forced shutdown initiated.
 
Build plugin finished at 2019-07-26 11:53:51 GMT-05:00 (COT)
Total build plugin runtime: 6.149 seconds
 
Build finished with WARNING

==== Post-Processing ====   started at 2019-07-26 11:53:51.125 COT
Comparison of previous and actual build results took: 0.01 seconds

Copy the build results 
  from: D:\IvanArzuza\NWDS\NWDS7_31_8_SP13_PAT0000\eclipse\workspace.jdi\LocalDevelopment\t2\2C4F59D4CB0BD33F36C5EE77AD0F8B5C\default\
  to:   D:\IvanArzuza\NWDS\NWDS7_31_8_SP13_PAT0000\eclipse\workspace.jdi\LocalDevelopment\DCs\demo.sap.com\calculadora_con_bpm\_comp\gen\default\
